<?xml version="1.0" encoding="UTF-8"?>
<testng-results skipped="0" failed="0" ignored="0" total="2" passed="2">
  <reporter-output>
  </reporter-output>
  <suite name="All Test Suite" duration-ms="280" started-at="2022-06-08T17:04:31 IST" finished-at="2022-06-08T17:04:31 IST">
    <groups>
      <group name="cucumber">
        <method signature="AbstractTestNGCucumberTests.runScenario(io.cucumber.testng.PickleWrapper,io.cucumber.testng.FeatureWrapper)[pri:0, instance:Runners.Run@e320068]" name="runScenario" class="io.cucumber.testng.AbstractTestNGCucumberTests"/>
      </group> <!-- cucumber -->
    </groups>
    <test name="E:/Data/Cybage/Myproject_2" duration-ms="280" started-at="2022-06-08T17:04:31 IST" finished-at="2022-06-08T17:04:31 IST">
      <class name="Runners.Run">
        <test-method status="PASS" signature="setUpClass(org.testng.ITestContext)[pri:0, instance:Runners.Run@e320068]" name="setUpClass" is-config="true" duration-ms="187" started-at="2022-06-08T17:04:31 IST" finished-at="2022-06-08T17:04:31 IST">
          <params>
            <param index="0">
              <value>
                <![CDATA[org.testng.TestRunner@fba92d3]]>
              </value>
            </param>
          </params>
          <reporter-output>
          </reporter-output>
        </test-method> <!-- setUpClass -->
        <test-method status="PASS" signature="runScenario(io.cucumber.testng.PickleWrapper,io.cucumber.testng.FeatureWrapper)[pri:0, instance:Runners.Run@e320068]" name="runScenario" duration-ms="55" started-at="2022-06-08T17:04:31 IST" description="Runs Cucumber Scenarios" data-provider="scenarios" finished-at="2022-06-08T17:04:31 IST">
          <params>
            <param index="0">
              <value>
                <![CDATA["user should be able to login with credentials"]]>
              </value>
            </param>
            <param index="1">
              <value>
                <![CDATA["Web Login"]]>
              </value>
            </param>
          </params>
          <reporter-output>
          </reporter-output>
        </test-method> <!-- runScenario -->
        <test-method status="PASS" signature="runScenario(io.cucumber.testng.PickleWrapper,io.cucumber.testng.FeatureWrapper)[pri:0, instance:Runners.Run@e320068]" name="runScenario" duration-ms="5" started-at="2022-06-08T17:04:31 IST" description="Runs Cucumber Scenarios" data-provider="scenarios" finished-at="2022-06-08T17:04:31 IST">
          <params>
            <param index="0">
              <value>
                <![CDATA["user should not be able to login with invalid credentials"]]>
              </value>
            </param>
            <param index="1">
              <value>
                <![CDATA["Web Login"]]>
              </value>
            </param>
          </params>
          <reporter-output>
          </reporter-output>
        </test-method> <!-- runScenario -->
        <test-method status="PASS" signature="tearDownClass()[pri:0, instance:Runners.Run@e320068]" name="tearDownClass" is-config="true" duration-ms="6" started-at="2022-06-08T17:04:31 IST" finished-at="2022-06-08T17:04:31 IST">
          <reporter-output>
          </reporter-output>
        </test-method> <!-- tearDownClass -->
      </class> <!-- Runners.Run -->
    </test> <!-- E:/Data/Cybage/Myproject_2 -->
  </suite> <!-- All Test Suite -->
</testng-results>
